"../../../../../Kendall/Documents/GitHub/ghostworld/ghostworld/Content/Blueprints/Player/GhostController.uasset" 0
"../../../Engine/Content/EditorBlueprintResources/StandardMacros.uasset" 1
"../../Plugins/2D/Paper2D/Content/PlaceholderTextures/DummySpriteTexture.uasset" 2
"../../Plugins/2D/Paper2D/Content/DefaultSpriteMaterial.uasset" 3
"../../Plugins/2D/Paper2D/Content/TranslucentUnlitSpriteMaterial.uasset" 4
"../../../../../Kendall/Documents/GitHub/ghostworld/ghostworld/Content/Objects/Textures/pottedPlant1.uasset" 5
"../../../../../Kendall/Documents/GitHub/ghostworld/ghostworld/Content/Objects/pottedPlant1.uasset" 6
"../../../../../Kendall/Documents/GitHub/ghostworld/ghostworld/Content/Objects/Sprites/pottedPlant1_Sprite.uasset" 7
"../../../../../Kendall/Documents/GitHub/ghostworld/ghostworld/Content/Blueprints/Player/BP_MoveBanner.uasset" 8
"../../../../../Kendall/Documents/GitHub/ghostworld/ghostworld/Content/Materials/CustomSprite_Overlay.uasset" 9
"../../../Engine/Content/Functions/Engine_MaterialFunctions02/ExampleContent/Textures/flipbook.uasset" 10
"../../../Engine/Content/Functions/Engine_MaterialFunctions02/Texturing/FlipBook.uasset" 11
"../../../Engine/Content/Functions/Engine_MaterialFunctions02/Utility/BreakOutFloat2Components.uasset" 12
"../../../Engine/Content/Functions/Engine_MaterialFunctions02/Utility/MakeFloat2.uasset" 13
"../../../../../Kendall/Documents/GitHub/ghostworld/ghostworld/Content/Animations/Ghost/Ghost_Idle/Ghost_Idle_Sheet.uasset" 14
"../../../../../Kendall/Documents/GitHub/ghostworld/ghostworld/Content/Materials/M_Flipbook.uasset" 15
"../../../Engine/Content/EngineFonts/RobotoDistanceField.uasset" 16
"../../../../../Kendall/Documents/GitHub/ghostworld/ghostworld/Content/Materials/M_Font_Overlay.uasset" 17
"../../../../../Kendall/Documents/GitHub/ghostworld/ghostworld/Content/Animations/Generic/Thought/Continue/thoughtBubble_Continue_Sheet.uasset" 18
"../../../../../Kendall/Documents/GitHub/ghostworld/ghostworld/Content/Animations/Generic/Thought/Continue/thoughtBubble_Continue_Sheet_Sprite_0.uasset" 19
"../../../../../Kendall/Documents/GitHub/ghostworld/ghostworld/Content/Animations/Generic/Thought/Continue/thoughtBubble_Continue_Sheet_Sprite_1.uasset" 20
"../../../../../Kendall/Documents/GitHub/ghostworld/ghostworld/Content/Animations/Generic/Thought/Continue/thoughtBubble_Continue_Sheet_Sprite_10.uasset" 21
"../../../../../Kendall/Documents/GitHub/ghostworld/ghostworld/Content/Animations/Generic/Thought/Continue/thoughtBubble_Continue_Sheet_Sprite_11.uasset" 22
"../../../../../Kendall/Documents/GitHub/ghostworld/ghostworld/Content/Animations/Generic/Thought/Continue/thoughtBubble_Continue_Sheet_Sprite_12.uasset" 23
"../../../../../Kendall/Documents/GitHub/ghostworld/ghostworld/Content/Animations/Generic/Thought/Continue/thoughtBubble_Continue_Sheet_Sprite_13.uasset" 24
"../../../../../Kendall/Documents/GitHub/ghostworld/ghostworld/Content/Animations/Generic/Thought/Continue/thoughtBubble_Continue_Sheet_Sprite_15.uasset" 25
"../../../../../Kendall/Documents/GitHub/ghostworld/ghostworld/Content/Animations/Generic/Thought/Continue/thoughtBubble_Continue_Sheet_Sprite_16.uasset" 26
"../../../../../Kendall/Documents/GitHub/ghostworld/ghostworld/Content/Animations/Generic/Thought/Continue/thoughtBubble_Continue_Sheet_Sprite_17.uasset" 27
"../../../../../Kendall/Documents/GitHub/ghostworld/ghostworld/Content/Animations/Generic/Thought/Continue/thoughtBubble_Continue_Sheet_Sprite_18.uasset" 28
"../../../../../Kendall/Documents/GitHub/ghostworld/ghostworld/Content/Animations/Generic/Thought/Continue/thoughtBubble_Continue_Sheet_Sprite_2.uasset" 29
"../../../../../Kendall/Documents/GitHub/ghostworld/ghostworld/Content/Animations/Generic/Thought/Continue/thoughtBubble_Continue_Sheet_Sprite_3.uasset" 30
"../../../../../Kendall/Documents/GitHub/ghostworld/ghostworld/Content/Animations/Generic/Thought/Continue/thoughtBubble_Continue_Sheet_Sprite_4.uasset" 31
"../../../../../Kendall/Documents/GitHub/ghostworld/ghostworld/Content/Animations/Generic/Thought/Continue/thoughtBubble_Continue_Sheet_Sprite_5.uasset" 32
"../../../../../Kendall/Documents/GitHub/ghostworld/ghostworld/Content/Animations/Generic/Thought/Continue/thoughtBubble_Continue_Sheet_Sprite_6.uasset" 33
"../../../../../Kendall/Documents/GitHub/ghostworld/ghostworld/Content/Animations/Generic/Thought/Continue/thoughtBubble_Continue_Sheet_Sprite_7.uasset" 34
"../../../../../Kendall/Documents/GitHub/ghostworld/ghostworld/Content/Animations/Generic/Thought/Continue/thoughtBubble_Continue_Sheet_Sprite_8.uasset" 35
"../../../../../Kendall/Documents/GitHub/ghostworld/ghostworld/Content/Animations/Generic/Thought/Continue/Thought_Continue.uasset" 36
"../../../../../Kendall/Documents/GitHub/ghostworld/ghostworld/Content/Animations/Generic/Thought/Start/thoughtBubble_Start_Sheet.uasset" 37
"../../../../../Kendall/Documents/GitHub/ghostworld/ghostworld/Content/Animations/Generic/Thought/Start/thoughtBubble_Start_Sheet_Thought_Start_0.uasset" 38
"../../../../../Kendall/Documents/GitHub/ghostworld/ghostworld/Content/Animations/Generic/Thought/Start/thoughtBubble_Start_Sheet_Thought_Start_1.uasset" 39
"../../../../../Kendall/Documents/GitHub/ghostworld/ghostworld/Content/Animations/Generic/Thought/Start/thoughtBubble_Start_Sheet_Thought_Start_10.uasset" 40
"../../../../../Kendall/Documents/GitHub/ghostworld/ghostworld/Content/Animations/Generic/Thought/Start/thoughtBubble_Start_Sheet_Thought_Start_11.uasset" 41
"../../../../../Kendall/Documents/GitHub/ghostworld/ghostworld/Content/Animations/Generic/Thought/Start/thoughtBubble_Start_Sheet_Thought_Start_12.uasset" 42
"../../../../../Kendall/Documents/GitHub/ghostworld/ghostworld/Content/Animations/Generic/Thought/Start/thoughtBubble_Start_Sheet_Thought_Start_13.uasset" 43
"../../../../../Kendall/Documents/GitHub/ghostworld/ghostworld/Content/Animations/Generic/Thought/Start/thoughtBubble_Start_Sheet_Thought_Start_14.uasset" 44
"../../../../../Kendall/Documents/GitHub/ghostworld/ghostworld/Content/Animations/Generic/Thought/Start/thoughtBubble_Start_Sheet_Thought_Start_15.uasset" 45
"../../../../../Kendall/Documents/GitHub/ghostworld/ghostworld/Content/Animations/Generic/Thought/Start/thoughtBubble_Start_Sheet_Thought_Start_16.uasset" 46
"../../../../../Kendall/Documents/GitHub/ghostworld/ghostworld/Content/Animations/Generic/Thought/Start/thoughtBubble_Start_Sheet_Thought_Start_17.uasset" 47
"../../../../../Kendall/Documents/GitHub/ghostworld/ghostworld/Content/Animations/Generic/Thought/Start/thoughtBubble_Start_Sheet_Thought_Start_18.uasset" 48
"../../../../../Kendall/Documents/GitHub/ghostworld/ghostworld/Content/Animations/Generic/Thought/Start/thoughtBubble_Start_Sheet_Thought_Start_19.uasset" 49
"../../../../../Kendall/Documents/GitHub/ghostworld/ghostworld/Content/Animations/Generic/Thought/Start/thoughtBubble_Start_Sheet_Thought_Start_2.uasset" 50
"../../../../../Kendall/Documents/GitHub/ghostworld/ghostworld/Content/Animations/Generic/Thought/Start/thoughtBubble_Start_Sheet_Thought_Start_20.uasset" 51
"../../../../../Kendall/Documents/GitHub/ghostworld/ghostworld/Content/Animations/Generic/Thought/Start/thoughtBubble_Start_Sheet_Thought_Start_21.uasset" 52
"../../../../../Kendall/Documents/GitHub/ghostworld/ghostworld/Content/Animations/Generic/Thought/Start/thoughtBubble_Start_Sheet_Thought_Start_22.uasset" 53
"../../../../../Kendall/Documents/GitHub/ghostworld/ghostworld/Content/Animations/Generic/Thought/Start/thoughtBubble_Start_Sheet_Thought_Start_23.uasset" 54
"../../../../../Kendall/Documents/GitHub/ghostworld/ghostworld/Content/Animations/Generic/Thought/Start/thoughtBubble_Start_Sheet_Thought_Start_24.uasset" 55
"../../../../../Kendall/Documents/GitHub/ghostworld/ghostworld/Content/Animations/Generic/Thought/Start/thoughtBubble_Start_Sheet_Thought_Start_25.uasset" 56
"../../../../../Kendall/Documents/GitHub/ghostworld/ghostworld/Content/Animations/Generic/Thought/Start/thoughtBubble_Start_Sheet_Thought_Start_26.uasset" 57
"../../../../../Kendall/Documents/GitHub/ghostworld/ghostworld/Content/Animations/Generic/Thought/Start/thoughtBubble_Start_Sheet_Thought_Start_27.uasset" 58
"../../../../../Kendall/Documents/GitHub/ghostworld/ghostworld/Content/Animations/Generic/Thought/Start/thoughtBubble_Start_Sheet_Thought_Start_28.uasset" 59
"../../../../../Kendall/Documents/GitHub/ghostworld/ghostworld/Content/Animations/Generic/Thought/Start/thoughtBubble_Start_Sheet_Thought_Start_29.uasset" 60
"../../../../../Kendall/Documents/GitHub/ghostworld/ghostworld/Content/Animations/Generic/Thought/Start/thoughtBubble_Start_Sheet_Thought_Start_3.uasset" 61
"../../../../../Kendall/Documents/GitHub/ghostworld/ghostworld/Content/Animations/Generic/Thought/Start/thoughtBubble_Start_Sheet_Thought_Start_30.uasset" 62
"../../../../../Kendall/Documents/GitHub/ghostworld/ghostworld/Content/Animations/Generic/Thought/Start/thoughtBubble_Start_Sheet_Thought_Start_31.uasset" 63
"../../../../../Kendall/Documents/GitHub/ghostworld/ghostworld/Content/Animations/Generic/Thought/Start/thoughtBubble_Start_Sheet_Thought_Start_32.uasset" 64
"../../../../../Kendall/Documents/GitHub/ghostworld/ghostworld/Content/Animations/Generic/Thought/Start/thoughtBubble_Start_Sheet_Thought_Start_33.uasset" 65
"../../../../../Kendall/Documents/GitHub/ghostworld/ghostworld/Content/Animations/Generic/Thought/Start/thoughtBubble_Start_Sheet_Thought_Start_34.uasset" 66
"../../../../../Kendall/Documents/GitHub/ghostworld/ghostworld/Content/Animations/Generic/Thought/Start/thoughtBubble_Start_Sheet_Thought_Start_35.uasset" 67
"../../../../../Kendall/Documents/GitHub/ghostworld/ghostworld/Content/Animations/Generic/Thought/Start/thoughtBubble_Start_Sheet_Thought_Start_36.uasset" 68
"../../../../../Kendall/Documents/GitHub/ghostworld/ghostworld/Content/Animations/Generic/Thought/Start/thoughtBubble_Start_Sheet_Thought_Start_37.uasset" 69
"../../../../../Kendall/Documents/GitHub/ghostworld/ghostworld/Content/Animations/Generic/Thought/Start/thoughtBubble_Start_Sheet_Thought_Start_38.uasset" 70
"../../../../../Kendall/Documents/GitHub/ghostworld/ghostworld/Content/Animations/Generic/Thought/Start/thoughtBubble_Start_Sheet_Thought_Start_39.uasset" 71
"../../../../../Kendall/Documents/GitHub/ghostworld/ghostworld/Content/Animations/Generic/Thought/Start/thoughtBubble_Start_Sheet_Thought_Start_4.uasset" 72
"../../../../../Kendall/Documents/GitHub/ghostworld/ghostworld/Content/Animations/Generic/Thought/Start/thoughtBubble_Start_Sheet_Thought_Start_40.uasset" 73
"../../../../../Kendall/Documents/GitHub/ghostworld/ghostworld/Content/Animations/Generic/Thought/Start/thoughtBubble_Start_Sheet_Thought_Start_41.uasset" 74
"../../../../../Kendall/Documents/GitHub/ghostworld/ghostworld/Content/Animations/Generic/Thought/Start/thoughtBubble_Start_Sheet_Thought_Start_42.uasset" 75
"../../../../../Kendall/Documents/GitHub/ghostworld/ghostworld/Content/Animations/Generic/Thought/Start/thoughtBubble_Start_Sheet_Thought_Start_43.uasset" 76
"../../../../../Kendall/Documents/GitHub/ghostworld/ghostworld/Content/Animations/Generic/Thought/Start/thoughtBubble_Start_Sheet_Thought_Start_5.uasset" 77
"../../../../../Kendall/Documents/GitHub/ghostworld/ghostworld/Content/Animations/Generic/Thought/Start/thoughtBubble_Start_Sheet_Thought_Start_6.uasset" 78
"../../../../../Kendall/Documents/GitHub/ghostworld/ghostworld/Content/Animations/Generic/Thought/Start/thoughtBubble_Start_Sheet_Thought_Start_7.uasset" 79
"../../../../../Kendall/Documents/GitHub/ghostworld/ghostworld/Content/Animations/Generic/Thought/Start/thoughtBubble_Start_Sheet_Thought_Start_8.uasset" 80
"../../../../../Kendall/Documents/GitHub/ghostworld/ghostworld/Content/Animations/Generic/Thought/Start/thoughtBubble_Start_Sheet_Thought_Start_9.uasset" 81
"../../../../../Kendall/Documents/GitHub/ghostworld/ghostworld/Content/Animations/Generic/Thought/Start/Thought_Start.uasset" 82
"../../../../../Kendall/Documents/GitHub/ghostworld/ghostworld/Content/Animations/Ghost/Character_Rigged_PhysicsAsset.uasset" 83
"../../../../../Kendall/Documents/GitHub/ghostworld/ghostworld/Content/Animations/Ghost/Character_Rigged_Skeleton.uasset" 84
"../../../../../Kendall/Documents/GitHub/ghostworld/ghostworld/Content/Animations/Ghost/Character_Rigged.uasset" 85
"../../../../../Kendall/Documents/GitHub/ghostworld/ghostworld/Content/Blueprints/Player/GhostCharacter.uasset" 86
"../../../../../Kendall/Documents/GitHub/ghostworld/ghostworld/Content/Blueprints/Helpers/DialogueReponses.uasset" 87
"../../../../../Kendall/Documents/GitHub/ghostworld/ghostworld/Content/Textures/UI_Inventory_Mask.uasset" 88
"../../../../../Kendall/Documents/GitHub/ghostworld/ghostworld/Content/Materials/UI_InventorySlot.uasset" 89
"../../../../../Kendall/Documents/GitHub/ghostworld/ghostworld/Content/Blueprints/Helpers/InventoryItem.uasset" 90
"../../../../../Kendall/Documents/GitHub/ghostworld/ghostworld/Content/Blueprints/Helpers/NPCDialogue.uasset" 91
"../../../../../Kendall/Documents/GitHub/ghostworld/ghostworld/Content/Audio/Bass/Bass.uasset" 92
"../../../../../Kendall/Documents/GitHub/ghostworld/ghostworld/Content/Blueprints/BP_NPC.uasset" 93
"../../../../../Kendall/Documents/GitHub/ghostworld/ghostworld/Content/Blueprints/UI/UI_DialogueReponseButton.uasset" 94
"../../../../../Kendall/Documents/GitHub/ghostworld/ghostworld/Content/Blueprints/UI/UI_ItemActionButton.uasset" 95
"../../../../../Kendall/Documents/GitHub/ghostworld/ghostworld/Content/Blueprints/UI/HUD.uasset" 96
"../../../Engine/Content/Functions/Engine_MaterialFunctions01/Opacity/CameraDepthFade.uasset" 97
"../../../Engine/Content/EngineMaterials/T_Default_Material_Grid_M.uasset" 98
"../../../Engine/Content/EngineMaterials/T_Default_Material_Grid_N.uasset" 99
"../../../Engine/Content/EngineMaterials/WorldGridMaterial.uasset" 100
"../../../Engine/Content/BasicShapes/Cube.uasset" 101
"../../../../../Kendall/Documents/GitHub/ghostworld/ghostworld/Content/Blueprints/BP_ClickableObject.uasset" 102
"../../../../../Kendall/Documents/GitHub/ghostworld/ghostworld/Content/Animations/Ghost/3DAnim_BedSlide.uasset" 103
"../../../../../Kendall/Documents/GitHub/ghostworld/ghostworld/Content/Blueprints/BP_IntroAnimCharacter.uasset" 104
"../../../../../Kendall/Documents/GitHub/ghostworld/ghostworld/Content/Blueprints/BP_RoomVolume_CameraLocation.uasset" 105
"../../../Engine/Content/Functions/Engine_MaterialFunctions02/Texturing/ScreenAlignedPixelToPixelUVs.uasset" 106
"../../../Engine/Content/EngineMaterials/Good64x64TilingNoiseHighFreq.uasset" 107
"../../../Engine/Content/Functions/Engine_MaterialFunctions02/Utility/DitherTemporalAA.uasset" 108
"../../../../../Kendall/Documents/GitHub/ghostworld/ghostworld/Content/Materials/M_FadeIn.uasset" 109
"../../../../../Kendall/Documents/GitHub/ghostworld/ghostworld/Content/Materials/M_FadeOut.uasset" 110
"../../../../../Kendall/Documents/GitHub/ghostworld/ghostworld/Content/Blueprints/BP_RoomVolume.uasset" 111
"../../../../../Kendall/Documents/GitHub/ghostworld/ghostworld/Content/Blueprints/Player/GhostPawn.uasset" 112
"../../../../../Kendall/Documents/GitHub/ghostworld/ghostworld/Content/Blueprints/Player/GhostMode.uasset" 113
"../../../../../Kendall/Documents/GitHub/ghostworld/ghostworld/Content/Blueprints/GhostMode.uasset" 114
"../../../../../Kendall/Documents/GitHub/ghostworld/ghostworld/Content/GhostMode.uasset" 115
"../../../Engine/Content/Functions/Engine_MaterialFunctions02/Utility/BreakOutFloat3Components.uasset" 116
"../../../../../Kendall/Documents/GitHub/ghostworld/ghostworld/Content/Backgrounds/Background_Space_2.uasset" 117
"../../../../../Kendall/Documents/GitHub/ghostworld/ghostworld/Content/Materials/Mat_Background_Space_X.uasset" 118
"../../../../../Kendall/Documents/GitHub/ghostworld/ghostworld/Content/Materials/Mat_Background_Space.uasset" 119
"../../../../../Kendall/Documents/GitHub/ghostworld/ghostworld/Content/Mat_Background_Space.uasset" 120
"../../../../../Kendall/Documents/GitHub/ghostworld/ghostworld/Content/Blueprints/ClickableObject.uasset" 121
"../../../../../Kendall/Documents/GitHub/ghostworld/ghostworld/Content/Blueprints/MesswithableObject.uasset" 122
"../../../../../Kendall/Documents/GitHub/ghostworld/ghostworld/Content/MesswithableObject.uasset" 123
"../../../../../Kendall/Documents/GitHub/ghostworld/ghostworld/Content/Animations/Ghost/Ghost_Idle/Ghost_Idle_Sheet_Ghost_Idle1_0.uasset" 124
"../../../../../Kendall/Documents/GitHub/ghostworld/ghostworld/Content/Animations/Ghost/Ghost_Idle/Ghost_Idle_Sheet_Ghost_Idle1_1.uasset" 125
"../../../../../Kendall/Documents/GitHub/ghostworld/ghostworld/Content/Animations/Ghost/Ghost_Idle/Ghost_Idle_Sheet_Ghost_Idle1_2.uasset" 126
"../../../../../Kendall/Documents/GitHub/ghostworld/ghostworld/Content/Animations/Ghost/Ghost_Idle/Ghost_Idle_Sheet_Ghost_Idle1_3.uasset" 127
"../../../../../Kendall/Documents/GitHub/ghostworld/ghostworld/Content/Animations/Ghost/Ghost_Idle/Ghost_Idle_Sheet_Ghost_Idle1_4.uasset" 128
"../../../../../Kendall/Documents/GitHub/ghostworld/ghostworld/Content/Animations/Ghost/Ghost_Idle/Ghost_Idle_Sheet_Ghost_Idle1_5.uasset" 129
"../../../../../Kendall/Documents/GitHub/ghostworld/ghostworld/Content/Animations/Ghost/Ghost_Idle/Ghost_Idle_Sheet_Ghost_Idle1_6.uasset" 130
"../../../../../Kendall/Documents/GitHub/ghostworld/ghostworld/Content/Animations/Ghost/Ghost_Idle/Ghost_Idle_Sheet_Ghost_Idle1_7.uasset" 131
"../../../../../Kendall/Documents/GitHub/ghostworld/ghostworld/Content/Animations/Ghost/Ghost_Idle/Ghost_Idle_Sheet_Ghost_Idle1_8.uasset" 132
"../../../../../Kendall/Documents/GitHub/ghostworld/ghostworld/Content/Animations/Ghost/Ghost_Idle/Ghost_Idle_Sheet_Ghost_Idle1_9.uasset" 133
"../../../../../Kendall/Documents/GitHub/ghostworld/ghostworld/Content/Animations/Ghost/Ghost_Idle/Ghost_Idle1.uasset" 134
"../../../../../Kendall/Documents/GitHub/ghostworld/ghostworld/Content/Audio/WAV_Bass_C.uasset" 135
"../../../../../Kendall/Documents/GitHub/ghostworld/ghostworld/Content/Audio/Bass/WAV_Bass_1.uasset" 136
"../../../../../Kendall/Documents/GitHub/ghostworld/ghostworld/Content/Audio/Bass/WAV_Bass_2.uasset" 137
"../../../../../Kendall/Documents/GitHub/ghostworld/ghostworld/Content/Audio/Bass/WAV_Bass_3.uasset" 138
"../../../../../Kendall/Documents/GitHub/ghostworld/ghostworld/Content/Audio/Bass/WAV_Bass_4.uasset" 139
"../../../../../Kendall/Documents/GitHub/ghostworld/ghostworld/Content/Audio/Bass/WAV_Bass_5.uasset" 140
"../../../../../Kendall/Documents/GitHub/ghostworld/ghostworld/Content/Audio/Bass/WAV_Bass_6.uasset" 141
"../../../../../Kendall/Documents/GitHub/ghostworld/ghostworld/Content/Audio/Bass/WAV_Bass_7.uasset" 142
"../../../../../Kendall/Documents/GitHub/ghostworld/ghostworld/Content/Audio/Bass/WAV_Bass_8.uasset" 143
"../../../../../Kendall/Documents/GitHub/ghostworld/ghostworld/Content/Blueprints/RoomVolume.uasset" 144
"../../../../../Kendall/Documents/GitHub/ghostworld/ghostworld/Content/Blueprints/MoveVolume.uasset" 145
"../../../../../Kendall/Documents/GitHub/ghostworld/ghostworld/Content/Blueprints/NPC.uasset" 146
"../../../../../Kendall/Documents/GitHub/ghostworld/ghostworld/Content/Blueprints/RoomVolume_CameraLocation.uasset" 147
"../../../../../Kendall/Documents/GitHub/ghostworld/ghostworld/Content/Blueprints/Helpers/BP_InventoryItem.uasset" 148
"../../../../../Kendall/Documents/GitHub/ghostworld/ghostworld/Content/Blueprints/Helpers/MesswithTypes.uasset" 149
"../../../../../Kendall/Documents/GitHub/ghostworld/ghostworld/Content/Blueprints/UI/UI_Cursor.uasset" 150
"../../../../../Kendall/Documents/GitHub/ghostworld/ghostworld/Content/Materials/CustomSprite.uasset" 151
"../../../../../Kendall/Documents/GitHub/ghostworld/ghostworld/Content/Backgrounds/Background_Space_1.uasset" 152
"../../../../../Kendall/Documents/GitHub/ghostworld/ghostworld/Content/Materials/Mat_BackgroundMaster.uasset" 153
"../../../Engine/Content/Functions/Engine_MaterialFunctions01/Gradient/LinearGradient.uasset" 154
"../../../Engine/Content/Functions/Engine_MaterialFunctions01/ImageAdjustment/CheapContrast.uasset" 155
"../../../../../Kendall/Documents/GitHub/ghostworld/ghostworld/Content/Materials/M_Flipbook_Ghostly.uasset" 156
"../../../../../Kendall/Documents/GitHub/ghostworld/ghostworld/Content/Materials/M_OutlineFont.uasset" 157
"../../../../../Kendall/Documents/GitHub/ghostworld/ghostworld/Content/Materials/M_OutlineFont_Overlay.uasset" 158
"../../../../../Kendall/Documents/GitHub/ghostworld/ghostworld/Content/Materials/Pixelate.uasset" 159
"../../../../../Kendall/Documents/GitHub/ghostworld/ghostworld/Content/Objects/Textures/stool.uasset" 160
"../../../../../Kendall/Documents/GitHub/ghostworld/ghostworld/Content/Objects/stool.uasset" 161
"../../../../../Kendall/Documents/GitHub/ghostworld/ghostworld/Content/Objects/Sprites/stool_Sprite.uasset" 162
"../../../../../Kendall/Documents/GitHub/ghostworld/ghostworld/Content/Objects/stool_Sprite.uasset" 163
"../../../../../Kendall/Documents/GitHub/ghostworld/ghostworld/Content/Objects/Architecture/SM_BlenderCube.uasset" 164
"../../../../../Kendall/Documents/GitHub/ghostworld/ghostworld/Content/Objects/Textures/PlantStand.uasset" 165
"../../../../../Kendall/Documents/GitHub/ghostworld/ghostworld/Content/Objects/Sprites/PlantStand_Sprite.uasset" 166
"../../../Engine/Content/EngineMaterials/DefaultDiffuse.uasset" 167
"../../../Engine/Content/Functions/Engine_MaterialFunctions01/Texturing/WorldAlignedTexture.uasset" 168
"../../../../../Kendall/Documents/GitHub/ghostworld/ghostworld/Content/Textures/Floor.uasset" 169
"../../../../../Kendall/Documents/GitHub/ghostworld/ghostworld/Content/Materials/Floor_Mat.uasset" 170
"../../../../../Kendall/Documents/GitHub/ghostworld/ghostworld/Content/Textures/Floor_Mat.uasset" 171
"../../../Engine/Content/Animation/DefaultAnimCurveCompressionSettings.uasset" 172
"../../../Engine/Content/ArtTools/RenderToTexture/Meshes/S_1_Unit_Plane.uasset" 173
"../../../Engine/Content/EngineMaterials/DefaultMaterial.uasset" 174
"../../../Engine/Content/BasicShapes/Cone.uasset" 175
"../../../Engine/Content/BasicShapes/Sphere.uasset" 176
"../../../Engine/Content/EditorLandscapeResources/DataLayer.uasset" 177
"../../../Engine/Content/EditorMaterials/GizmoMaterial.uasset" 178
"../../../Engine/Content/EditorMaterials/MAT_Groups_Toggle.uasset" 179
"../../../Engine/Content/EditorMaterials/MAT_Groups_Visibility.uasset" 180
"../../../Engine/Content/EditorMaterials/PreviewShadowIndicator.uasset" 181
"../../../Engine/Content/EditorMaterials/PreviewShadowIndicatorMaterial.uasset" 182
"../../../Engine/Content/EditorMaterials/MatineeGroups/MAT_ColorTrack.uasset" 183
"../../../Engine/Content/EditorMaterials/MatineeGroups/MAT_Groups_Anim.uasset" 184
"../../../Engine/Content/EditorMaterials/MatineeGroups/MAT_Groups_AudioMaster.uasset" 185
"../../../Engine/Content/EditorMaterials/MatineeGroups/MAT_Groups_Director.uasset" 186
"../../../Engine/Content/EditorMaterials/MatineeGroups/MAT_Groups_Event.uasset" 187
"../../../Engine/Content/EditorMaterials/MatineeGroups/MAT_Groups_Fade.uasset" 188
"../../../Engine/Content/EditorMaterials/MatineeGroups/MAT_Groups_Float.uasset" 189
"../../../Engine/Content/EditorMaterials/MatineeGroups/MAT_Groups_Move.uasset" 190
"../../../Engine/Content/EditorMaterials/MatineeGroups/MAT_Groups_Slomo.uasset" 191
"../../../Engine/Content/EditorMaterials/MatineeGroups/MAT_Groups_Sound.uasset" 192
"../../../Engine/Content/EditorMaterials/MatineeGroups/MAT_Groups_Vector.uasset" 193
"../../../Engine/Content/EditorMaterials/ParticleSystems/PSysThumbnail_NoImage.uasset" 194
"../../../Engine/Content/EditorMaterials/ParticleSystems/PSysThumbnail_OOD.uasset" 195
"../../../Engine/Content/EditorMaterials/Camera/CineMat.uasset" 196
"../../../Engine/Content/EditorMaterials/Camera/MI_CineMat_Rig.uasset" 197
"../../../Engine/Content/EditorMeshes/Camera/SM_CraneRig_Arm.uasset" 198
"../../../Engine/Content/EditorMeshes/Camera/SM_CraneRig_Base.uasset" 199
"../../../Engine/Content/EditorMeshes/Camera/SM_CraneRig_Body.uasset" 200
"../../../Engine/Content/EditorMeshes/Camera/SM_CraneRig_Mount.uasset" 201
"../../../Engine/Content/EditorMeshes/Camera/SM_RailRig_Mount.uasset" 202
"../../../Engine/Content/EditorMeshes/Camera/SM_RailRig_Track.uasset" 203
"../../../Engine/Content/EditorResources/BSPVertex.uasset" 204
"../../../Engine/Content/EditorResources/EmptyActor.uasset" 205
"../../../Engine/Content/EditorResources/S_Actor.uasset" 206
"../../../Engine/Content/EditorResources/S_Note.uasset" 207
"../../../Engine/Content/EditorResources/S_Solver.uasset" 208
"../../../Engine/Content/EditorResources/S_Trigger.uasset" 209
"../../../Engine/Content/EditorResources/AudioIcons/S_AudioComponent_AutoActivate.uasset" 210
"../../../Engine/Content/EditorResources/LightIcons/S_LightError.uasset" 211
"../../../Engine/Content/EditorResources/SequenceRecorder/Countdown.uasset" 212
"../../../Engine/Content/EditorResources/SequenceRecorder/RecordingIndicator.uasset" 213
"../../../Engine/Content/EditorSounds/Notifications/CompileFailed.uasset" 214
"../../../Engine/Content/EditorSounds/Notifications/CompileFailed_Cue.uasset" 215
"../../../Engine/Content/EditorSounds/Notifications/CompileSuccess.uasset" 216
"../../../Engine/Content/EditorSounds/Notifications/CompileStart_Cue.uasset" 217
"../../../Engine/Content/EditorSounds/Notifications/CompileSuccess_Cue.uasset" 218
"../../../Engine/Content/EngineDamageTypes/DmgTypeBP_Environmental.uasset" 219
"../../../Engine/Content/EngineDebugMaterials/HeatmapGradient.uasset" 220
"../../../Engine/Content/EngineDebugMaterials/BoneWeightMaterial.uasset" 221
"../../../Engine/Content/EngineDebugMaterials/ClothMaterial.uasset" 222
"../../../Engine/Content/EngineDebugMaterials/ClothMaterial_WF.uasset" 223
"../../../Engine/Content/EngineDebugMaterials/DebugEditorMaterial.uasset" 224
"../../../Engine/Content/EngineDebugMaterials/DebugMeshMaterial.uasset" 225
"../../../Engine/Content/EngineDebugMaterials/GeomMaterial.uasset" 226
"../../../Engine/Content/EngineDebugMaterials/M_SimpleTranslucent.uasset" 227
"../../../Engine/Content/Functions/Engine_MaterialFunctions02/Utility/CameraDirectionVector.uasset" 228
"../../../Engine/Content/EngineDebugMaterials/VolumeToRender.uasset" 229
"../../../Engine/Content/EngineDebugMaterials/M_VolumeRenderSphereTracePP.uasset" 230
"../../../Engine/Content/EngineDebugMaterials/WireframeMaterial.uasset" 231
"../../../Engine/Content/EngineFonts/Faces/RobotoBold.uasset" 232
"../../../Engine/Content/EngineFonts/Faces/RobotoBoldItalic.uasset" 233
"../../../Engine/Content/EngineFonts/Faces/RobotoItalic.uasset" 234
"../../../Engine/Content/EngineFonts/Faces/RobotoLight.uasset" 235
"../../../Engine/Content/EngineFonts/Faces/RobotoRegular.uasset" 236
"../../../Engine/Content/EngineFonts/Roboto.uasset" 237
"../../../Engine/Content/EngineMaterials/BaseFlattenDiffuseMap.uasset" 238
"../../../Engine/Content/EngineMaterials/BaseFlattenEmissiveMap.uasset" 239
"../../../Engine/Content/EngineMaterials/BaseFlattenGrayscaleMap.uasset" 240
"../../../Engine/Content/EngineMaterials/BaseFlattenNormalMap.uasset" 241
"../../../Engine/Content/EngineMaterials/BaseFlattenMaterial.uasset" 242
"../../../Engine/Content/EngineMaterials/BlueNoise.uasset" 243
"../../../Engine/Content/EngineMaterials/DefaultBloomKernel.uasset" 244
"../../../Engine/Content/EngineMaterials/DefaultBokeh.uasset" 245
"../../../Engine/Content/EngineMaterials/DefaultDeferredDecalMaterial.uasset" 246
"../../../Engine/Content/EngineMaterials/DefaultLightFunctionMaterial.uasset" 247
"../../../Engine/Content/EngineMaterials/DefaultPhysicalMaterial.uasset" 248
"../../../Engine/Content/EngineMaterials/DefaultPostProcessMaterial.uasset" 249
"../../../Engine/Content/EngineMaterials/DefaultTextMaterialOpaque.uasset" 250
"../../../Engine/Content/EngineMaterials/DefaultVirtualTextureMaterial.uasset" 251
"../../../Engine/Content/EngineMaterials/DefaultWhiteGrid.uasset" 252
"../../../Engine/Content/EngineMaterials/EditorBrushMaterial.uasset" 253
"../../../Engine/Content/EngineMaterials/DefaultWhiteGrid_Low.uasset" 254
"../../../Engine/Content/EngineMaterials/EmissiveMeshMaterial.uasset" 255
"../../../Engine/Content/EngineMaterials/MiniFont.uasset" 256
"../../../Engine/Content/EngineMaterials/InvalidLightmapSettings.uasset" 257
"../../../Engine/Content/EngineMaterials/M_InvalidLightmapSettings.uasset" 258
"../../../Engine/Content/Functions/Engine_MaterialFunctions02/WorldPositionOffset/CameraOffset.uasset" 259
"../../../Engine/Content/EngineMaterials/PhAT_JointLimitMaterial.uasset" 260
"../../../Engine/Content/EngineMaterials/PreintegratedSkinBRDF.uasset" 261
"../../../Engine/Content/EngineMaterials/RemoveSurfaceMaterial.uasset" 262
"../../../Engine/Content/EngineMaterials/WeightMapPlaceholderTexture.uasset" 263
"../../../Engine/Content/EngineResources/WhiteSquareTexture.uasset" 264
"../../../Engine/Content/EngineMaterials/Widget3DPassThrough.uasset" 265
"../../../Engine/Content/EngineMaterials/Widget3DPassThrough_Masked.uasset" 266
"../../../Engine/Content/EngineMaterials/Widget3DPassThrough_Opaque.uasset" 267
"../../../Engine/Content/EngineMaterials/Widget3DPassThrough_Masked_OneSided.uasset" 268
"../../../Engine/Content/EngineMaterials/Widget3DPassThrough_Opaque_OneSided.uasset" 269
"../../../Engine/Content/EngineMaterials/Widget3DPassThrough_Translucent.uasset" 270
"../../../Engine/Content/EngineMaterials/Widget3DPassThrough_Translucent_OneSided.uasset" 271
"../../../Engine/Content/EngineMeshes/Cylinder.uasset" 272
"../../../Engine/Content/EngineMeshes/Sphere.uasset" 273
"../../../Engine/Content/EngineResources/Black.uasset" 274
"../../../Engine/Content/EngineResources/DefaultTexture.uasset" 275
"../../../Engine/Content/EngineResources/DefaultTextureCube.uasset" 276
"../../../Engine/Content/EngineResources/DefaultVolumeTexture2D.uasset" 277
"../../../Engine/Content/EngineResources/DefaultVolumeTexture.uasset" 278
"../../../Engine/Content/EngineResources/GradientTexture0.uasset" 279
"../../../Engine/Content/EngineSounds/Master.uasset" 280
"../../../Engine/Content/Functions/Engine_MaterialFunctions01/Shading/ConvertFromDiffSpec.uasset" 281
"../../../Engine/Content/Functions/Engine_MaterialFunctions01/Shading/PowerToRoughness.uasset" 282
"../../../Engine/Content/Maps/Templates/Thumbnails/Default.uasset" 283
"../../../Engine/Content/Maps/Templates/Thumbnails/VR-Basic.uasset" 284
"../../../Engine/Content/MobileResources/T_MobileControls_texture.uasset" 285
"../../../Engine/Content/MobileResources/T_MobileMenu2.uasset" 286
"../../../Engine/Content/MobileResources/HUD/AnalogHat.uasset" 287
"../../../Engine/Content/MobileResources/HUD/VirtualJoystick_Background.uasset" 288
"../../../Engine/Content/MobileResources/HUD/VirtualJoystick_Thumb.uasset" 289
"../../../Engine/Content/MobileResources/HUD/DefaultVirtualJoysticks.uasset" 290
"../../../Engine/Content/MobileResources/HUD/LeftVirtualJoystickOnly.uasset" 291
"../../../Engine/Content/MobileResources/HUD/MobileHUDButton1_off.uasset" 292
"../../../Engine/Content/MobileResources/HUD/MobileHUDButton1_on.uasset" 293
"../../../Engine/Content/MobileResources/HUD/MobileHUDButton2_off.uasset" 294
"../../../Engine/Content/MobileResources/HUD/MobileHUDButton2_on.uasset" 295
"../../../Engine/Content/MobileResources/HUD/MobileHUDButton3.uasset" 296
"../../../Engine/Content/MobileResources/HUD/MobileHUDButtonFire.uasset" 297
"../../../Engine/Content/MobileResources/HUD/MobileHUDDirectionPad.uasset" 298
"../../../Engine/Content/MobileResources/HUD/MobileHUDDirectionPad2.uasset" 299
"../../../Engine/Content/MobileResources/HUD/MobileHUDDirectionPad3.uasset" 300
"../../../Engine/Content/MobileResources/HUD/MobileHUDDirectionStick.uasset" 301
"../../../Engine/Content/MobileResources/HUD/T_Castle_ThumbstickInner.uasset" 302
"../../../Engine/Content/MobileResources/HUD/T_Castle_ThumbstickOutter.uasset" 303
"../../../Engine/Content/Tutorial/ContentIntroCurve.uasset" 304
"../../../Engine/Content/Tutorial/Basics/LevelEditorAttract.uasset" 305
"../../../Engine/Content/Tutorial/Installation/InstallingVisualStudioTutorial.uasset" 306
"../../../Engine/Content/VREditor/LaserPointer/VR_LaserPower_01.uasset" 307
"../../../Engine/Content/VREditor/TransformGizmo/TransformGizmoMaterial.uasset" 308
"../../../Engine/Content/VREditor/TransformGizmo/TranslucentTransformGizmoMaterial.uasset" 309
"../../../Engine/Content/VREditor/TransformGizmo/BoundingBoxCorner.uasset" 310
"../../../Engine/Content/VREditor/TransformGizmo/BoundingBoxEdge.uasset" 311
"../../../Engine/Content/VREditor/TransformGizmo/PlaneTranslationHandle.uasset" 312
"../../../Engine/Content/VREditor/TransformGizmo/Main.uasset" 313
"../../../Engine/Content/VREditor/TransformGizmo/Xray.uasset" 314
"../../../Engine/Content/VREditor/TransformGizmo/SM_Sequencer_Key.uasset" 315
"../../../Engine/Content/VREditor/TransformGizmo/SM_Sequencer_Node.uasset" 316
"../../Plugins/2D/Paper2D/Content/DummySprite.uasset" 317
"../../Plugins/2D/Paper2D/Content/DefaultPaperTerrainMaterial.uasset" 318
"../../Plugins/2D/Paper2D/Content/MaskedUnlitSpriteMaterial.uasset" 319
"../../Plugins/2D/Paper2D/Content/OpaqueUnlitSpriteMaterial.uasset" 320
"../../Plugins/Runtime/Oculus/OculusVR/Content/OculusMR_RenderTarget.uasset" 321
"../../../Engine/Content/Functions/Engine_MaterialFunctions02/Utility/BreakOutFloat4Components.uasset" 322
"../../../Engine/Content/Functions/Engine_MaterialFunctions02/Utility/MakeFloat3.uasset" 323
"../../Plugins/Runtime/Oculus/OculusVR/Content/Materials/OculusMR_ChromaKey.uasset" 324
"../../Plugins/Runtime/Oculus/OculusVR/Content/Materials/OculusMR_ChromaKey_Lit.uasset" 325
"../../Plugins/Runtime/Oculus/OculusVR/Content/Materials/OculusMR_OpaqueColoredMaterial.uasset" 326
"../../Plugins/Runtime/Oculus/OculusVR/Content/Materials/OculusMR_WhiteMaterial.uasset" 327
"../../../../../Kendall/Documents/GitHub/ghostworld/ghostworld/Content/Blueprints/BP_NPC_AutoDialogue.uasset" 328
"../../../../../Kendall/Documents/GitHub/ghostworld/ghostworld/Content/Blueprints/BP_NPC_Intro.uasset" 329
"../../../../../Kendall/Documents/GitHub/ghostworld/ghostworld/Content/Audio/WAV_Music_Lamp.uasset" 330
"../../../../../Kendall/Documents/GitHub/ghostworld/ghostworld/Content/Blueprints/BP_MusicManager.uasset" 331
"../../../Engine/Content/BasicShapes/BasicShapeMaterial.uasset" 332
"../../../../../Kendall/Documents/GitHub/ghostworld/ghostworld/Content/Textures/T_Poster_ItAotS.uasset" 333
"../../../../../Kendall/Documents/GitHub/ghostworld/ghostworld/Content/Materials/M_Poster.uasset" 334
"../../../../../Kendall/Documents/GitHub/ghostworld/ghostworld/Content/Materials/M_BasicColor.uasset" 335
"../../../../../Kendall/Documents/GitHub/ghostworld/ghostworld/Content/Materials/MI_BasicColor_Black.uasset" 336
"../../../Engine/Content/BasicShapes/Plane.uasset" 337
"../../../../../Kendall/Documents/GitHub/ghostworld/ghostworld/Content/Blueprints/BP_Poster.uasset" 338
"../../../../../Kendall/Documents/GitHub/ghostworld/ghostworld/Content/house_main_BuiltData.uasset" 339
"../../../../../Kendall/Documents/GitHub/ghostworld/ghostworld/Content/Materials/Material.uasset" 340
"../../../../../Kendall/Documents/GitHub/ghostworld/ghostworld/Content/Objects/Bed.uasset" 341
"../../../../../Kendall/Documents/GitHub/ghostworld/ghostworld/Content/Materials/M_Lamp.uasset" 342
"../../../../../Kendall/Documents/GitHub/ghostworld/ghostworld/Content/Materials/M_Light.uasset" 343
"../../../../../Kendall/Documents/GitHub/ghostworld/ghostworld/Content/Objects/SM_Light_Ceiling_1.uasset" 344
"../../../../../Kendall/Documents/GitHub/ghostworld/ghostworld/Content/Materials/MI_BasicColor_Brown.uasset" 345
"../../../../../Kendall/Documents/GitHub/ghostworld/ghostworld/Content/Objects/SM_Stool.uasset" 346
"../../../../../Kendall/Documents/GitHub/ghostworld/ghostworld/Content/house_main.umap" 347
"../../../Engine/Content/Engine_MI_Shaders/T_Base_Tile_Normal.uasset" 348
"../../../Engine/Content/Functions/Engine_MaterialFunctions03/ComplexMotion/Motion_4WayChaos_Normal.uasset" 349
"../../../Engine/Content/Functions/Engine_MaterialFunctions02/ExampleContent/Textures/water_n.uasset" 350
"../../../../../Kendall/Documents/GitHub/ghostworld/ghostworld/Content/Materials/M_PoolWater.uasset" 351
"../../../../../Kendall/Documents/GitHub/ghostworld/ghostworld/Content/Materials/MI_PoolWater.uasset" 352
"../../../Engine/Content/BasicShapes/Cylinder.uasset" 353
"../../../../../Kendall/Documents/GitHub/ghostworld/ghostworld/Content/house_poolRoof.umap" 354
"../../../../../Kendall/Documents/GitHub/ghostworld/ghostworld/Content/Materials/M_Screen.uasset" 355
"../../../../../Kendall/Documents/GitHub/ghostworld/ghostworld/Content/Objects/SM_TV_1.uasset" 356
"../../../../../Kendall/Documents/GitHub/ghostworld/ghostworld/Content/house_regularRoof.umap" 357
"../../../../../Kendall/Documents/GitHub/ghostworld/ghostworld/Content/Materials/M_BasicTextured.uasset" 358
"../../../../../Kendall/Documents/GitHub/ghostworld/ghostworld/Content/Textures/T_Shelf_1.uasset" 359
"../../../../../Kendall/Documents/GitHub/ghostworld/ghostworld/Content/Materials/MI_BasicTextured_Shelf_1.uasset" 360
"../../../../../Kendall/Documents/GitHub/ghostworld/ghostworld/Content/Materials/M_Overlay.uasset" 361
"../../../../../Kendall/Documents/GitHub/ghostworld/ghostworld/Content/Textures/Overlays/bedroom1.uasset" 362
"../../../../../Kendall/Documents/GitHub/ghostworld/ghostworld/Content/Materials/MI_Overlay_Bedroom.uasset" 363
"../../../../../Kendall/Documents/GitHub/ghostworld/ghostworld/Content/Materials/Mat_Background_Space_Y.uasset" 364
"../../../../../Kendall/Documents/GitHub/ghostworld/ghostworld/Content/Objects/invertedCube.uasset" 365
"../../../../../Kendall/Documents/GitHub/ghostworld/ghostworld/Content/Objects/SM_Drawers_1.uasset" 366
"../../../../../Kendall/Documents/GitHub/ghostworld/ghostworld/Content/Objects/SM_Drawers_Shelf.uasset" 367
"../../../../../Kendall/Documents/GitHub/ghostworld/ghostworld/Content/Objects/SM_Shelf_1.uasset" 368
"../../../../../Kendall/Documents/GitHub/ghostworld/ghostworld/Content/Objects/SM_Table_1.uasset" 369
"../../../../../Kendall/Documents/GitHub/ghostworld/ghostworld/Content/PersisitantLevel.umap" 370
"../../../Engine/Content/Maps/Entry_BuiltData.uasset" 371
"../../../Engine/Content/Maps/Entry.umap" 372
